Removed Member From Class: ClassName=Sheet1 Member=J?
Change Component Comment : Designator=P? Old Comment=Header 3 New Comment=DHT11 MODULE
Change Component Comment : Designator=P? Old Comment=Header 3 New Comment=DS18B20
Change Component Comment : Designator=P? Old Comment=Header 3 New Comment=IR SENSOR
Change Component Designator: OldDesignator=P? NewDesignator=P1
Change Component Designator: OldDesignator=P? NewDesignator=P2
Change Component Designator: OldDesignator=P? NewDesignator=P3
Change Component Designator: OldDesignator=R? NewDesignator=R1
Change Component Designator: OldDesignator=U? NewDesignator=U2
Added Component: Designator=U1(PIN 1.5MM 2PIN)
Added Component: Designator=U3(HLK-20M05)
Added Component: Designator=U4(PCBComponent_1)
Added Pin To Net: NetName=NetP1_1 Pin=P1-1
Added Pin To Net: NetName=NetP1_1 Pin=U2-28
Added Net: Name=NetP1_1
Added Pin To Net: NetName=NetP1_2 Pin=P1-2
Added Pin To Net: NetName=NetP1_2 Pin=P2-3
Added Pin To Net: NetName=NetP1_2 Pin=P3-1
Added Pin To Net: NetName=NetP1_2 Pin=R1-1
Added Pin To Net: NetName=NetP1_2 Pin=U2-1
Added Net: Name=NetP1_2
Added Pin To Net: NetName=NetP1_3 Pin=P1-3
Added Pin To Net: NetName=NetP1_3 Pin=P2-1
Added Pin To Net: NetName=NetP1_3 Pin=P3-2
Added Pin To Net: NetName=NetP1_3 Pin=U2-26
Added Pin To Net: NetName=NetP1_3 Pin=U3-3
Added Pin To Net: NetName=NetP1_3 Pin=U4-2
Added Net: Name=NetP1_3
Added Pin To Net: NetName=NetP2_2 Pin=P2-2
Added Pin To Net: NetName=NetP2_2 Pin=R1-2
Added Pin To Net: NetName=NetP2_2 Pin=U2-7
Added Net: Name=NetP2_2
Added Pin To Net: NetName=NetP3_3 Pin=P3-3
Added Pin To Net: NetName=NetP3_3 Pin=U2-11
Added Net: Name=NetP3_3
Added Pin To Net: NetName=NetU1_1 Pin=U1-1
Added Pin To Net: NetName=NetU1_1 Pin=U3-2
Added Net: Name=NetU1_1
Added Pin To Net: NetName=NetU1_2 Pin=U1-2
Added Pin To Net: NetName=NetU1_2 Pin=U3-1
Added Net: Name=NetU1_2
Added Pin To Net: NetName=NetU2_19 Pin=U2-19
Added Pin To Net: NetName=NetU2_19 Pin=U3-4
Added Pin To Net: NetName=NetU2_19 Pin=U4-1
Added Net: Name=NetU2_19
Added Member To Class: ClassName=Sheet1 Member=Component P1 DHT11 MODULE
Added Member To Class: ClassName=Sheet1 Member=Component P2 DS18B20
Added Member To Class: ClassName=Sheet1 Member=Component U1 PIN 1.5 2P
Added Member To Class: ClassName=Sheet1 Member=Component U3 HLK-20M05
Added Member To Class: ClassName=Sheet1 Member=Component U4 2p JST 2.54mm pitch
Added Room: Name=Sheet1
