Change Component Designator: OldDesignator=P? NewDesignator=P1
Change Component Designator: OldDesignator=P? NewDesignator=P2
Change Component Designator: OldDesignator=P? NewDesignator=P3
Change Component Designator: OldDesignator=R? NewDesignator=R1
Change Component Designator: OldDesignator=U? NewDesignator=U1
Change Component Designator: OldDesignator=U? NewDesignator=U2
Change Component Designator: OldDesignator=U? NewDesignator=U3
Change Component Designator: OldDesignator=U? NewDesignator=U4
Change Net Name : Old Net Name=NetP?_1 New Net Name=NetP1_2
Change Net Name : Old Net Name=NetP?_2 New Net Name=NetP2_2
Change Net Name : Old Net Name=NetP?_3 New Net Name=NetP3_3
Change Net Name : Old Net Name=NetU?_1 New Net Name=NetU1_1
Added Pin To Net: NetName=NetP1_1 Pin=P1-1
Added Pin To Net: NetName=NetP1_1 Pin=U2-28
Added Net: Name=NetP1_1
Added Pin To Net: NetName=NetP1_3 Pin=P1-3
Added Pin To Net: NetName=NetP1_3 Pin=P2-1
Added Pin To Net: NetName=NetP1_3 Pin=P3-2
Added Pin To Net: NetName=NetP1_3 Pin=U2-26
Added Pin To Net: NetName=NetP1_3 Pin=U3-3
Added Pin To Net: NetName=NetP1_3 Pin=U4-2
Added Net: Name=NetP1_3
Added Pin To Net: NetName=NetU1_2 Pin=U1-2
Added Pin To Net: NetName=NetU1_2 Pin=U3-1
Added Net: Name=NetU1_2
Added Pin To Net: NetName=NetU2_19 Pin=U2-19
Added Pin To Net: NetName=NetU2_19 Pin=U3-4
Added Pin To Net: NetName=NetU2_19 Pin=U4-1
Added Net: Name=NetU2_19
Added Member To Class: ClassName=Sheet1 Member=Component P1 DHT11 MODULE
Added Member To Class: ClassName=Sheet1 Member=Component P2 DS18B20
Added Member To Class: ClassName=Sheet1 Member=Component P3 IR SENSOR
Added Member To Class: ClassName=Sheet1 Member=Component U1 PIN 1.5 2P
Added Member To Class: ClassName=Sheet1 Member=Component U2 ESP32-DEVKITC-32D
Added Member To Class: ClassName=Sheet1 Member=Component U4 2p JST 2.54mm pitch
Added Room: Name=Sheet1
