Added Component: Designator=U?(HLK-20M05)
Added Pin To Net: NetName=NetP?_1 Pin=P?-1
Added Pin To Net: NetName=NetP?_1 Pin=P?-2
Added Pin To Net: NetName=NetP?_1 Pin=P?-3
Added Pin To Net: NetName=NetP?_1 Pin=R?-1
Added Pin To Net: NetName=NetP?_1 Pin=U?-1
Added Net: Name=NetP?_1
Added Pin To Net: NetName=NetP?_2 Pin=P?-2
Added Pin To Net: NetName=NetP?_2 Pin=R?-2
Added Pin To Net: NetName=NetP?_2 Pin=U?-7
Added Net: Name=NetP?_2
Added Pin To Net: NetName=NetP?_3 Pin=P?-3
Added Pin To Net: NetName=NetP?_3 Pin=U?-11
Added Net: Name=NetP?_3
Added Pin To Net: NetName=NetU?_1 Pin=U?-1
Added Pin To Net: NetName=NetU?_1 Pin=U?-2
Added Net: Name=NetU?_1
Added Member To Class: ClassName=Sheet1 Member=Component P? DS18B20
Added Member To Class: ClassName=Sheet1 Member=Component P? DHT11 MODULE
Added Member To Class: ClassName=Sheet1 Member=Component U? 2p JST 2.54mm pitch
Added Member To Class: ClassName=Sheet1 Member=Component U? HLK-20M05
Added Member To Class: ClassName=Sheet1 Member=Component U? ESP32-DEVKITC-32D
